<?xml version="1.0" encoding="UTF-8"?>
<!-- Generated by org.testng.reporters.JUnitReportReporter -->
<testsuite skipped="0" hostname="EPBYMINW4966" name="test.test.AppTest" tests="6" failures="0" timestamp="16 Aug 2018 21:23:58 GMT" time="9.961" errors="1">
  <testcase name="openUrl" time="4.318" classname="test.test.AppTest"/>
  <testcase name="enterTextToSearchField" time="1.550" classname="test.test.AppTest"/>
  <testcase name="clickSearchResult" time="1.356" classname="test.test.AppTest"/>
  <testcase name="checkViewsCounter" time="2.007" classname="test.test.AppTest">
    <error type="java.lang.NumberFormatException" message="For input string: &quot;59,148,854&quot;">
      <![CDATA[java.lang.NumberFormatException: For input string: "59,148,854"
at java.lang.NumberFormatException.forInputString(Unknown Source)
at java.lang.Long.parseLong(Unknown Source)
at java.lang.Long.parseLong(Unknown Source)
at pages.YoutubeVideoPage.getTextFromCounter(YoutubeVideoPage.java:28)
at test.test.AppTest.checkViewsCounter(AppTest.java:29)
at sun.reflect.NativeMethodAccessorImpl.invoke0(Native Method)
at sun.reflect.NativeMethodAccessorImpl.invoke(Unknown Source)
at sun.reflect.DelegatingMethodAccessorImpl.invoke(Unknown Source)
at java.lang.reflect.Method.invoke(Unknown Source)
at org.testng.internal.MethodInvocationHelper.invokeMethod(MethodInvocationHelper.java:124)
at org.testng.internal.Invoker.invokeMethod(Invoker.java:583)
at org.testng.internal.Invoker.invokeTestMethod(Invoker.java:719)
at org.testng.internal.Invoker.invokeTestMethods(Invoker.java:989)
at org.testng.internal.TestMethodWorker.invokeTestMethods(TestMethodWorker.java:125)
at org.testng.internal.TestMethodWorker.run(TestMethodWorker.java:109)
at org.testng.TestRunner.privateRun(TestRunner.java:648)
at org.testng.TestRunner.run(TestRunner.java:505)
at org.testng.SuiteRunner.runTest(SuiteRunner.java:455)
at org.testng.SuiteRunner.runSequentially(SuiteRunner.java:450)
at org.testng.SuiteRunner.privateRun(SuiteRunner.java:415)
at org.testng.SuiteRunner.run(SuiteRunner.java:364)
at org.testng.SuiteRunnerWorker.runSuite(SuiteRunnerWorker.java:52)
at org.testng.SuiteRunnerWorker.run(SuiteRunnerWorker.java:84)
at org.testng.TestNG.runSuitesSequentially(TestNG.java:1208)
at org.testng.TestNG.runSuitesLocally(TestNG.java:1137)
at org.testng.TestNG.runSuites(TestNG.java:1049)
at org.testng.TestNG.run(TestNG.java:1017)
at org.testng.remote.AbstractRemoteTestNG.run(AbstractRemoteTestNG.java:114)
at org.testng.remote.RemoteTestNG.initAndRun(RemoteTestNG.java:251)
at org.testng.remote.RemoteTestNG.main(RemoteTestNG.java:77)
]]>
    </error>
  </testcase> <!-- checkViewsCounter -->
  <testcase name="checkThatWeOnYoutubePage" time="0.032" classname="test.test.AppTest"/>
  <testcase name="closeDriver" time="0.698" classname="test.test.AppTest"/>
</testsuite> <!-- test.test.AppTest -->
